<?xml version="1.0" encoding="UTF-8"?>
<testng-results ignored="0" total="1" passed="1" failed="0" skipped="0">
  <reporter-output>
  </reporter-output>
  <suite started-at="2023-04-12T17:02:37 IST" name="Suite" finished-at="2023-04-12T17:02:39 IST" duration-ms="2627">
    <groups>
    </groups>
    <test started-at="2023-04-12T17:02:37 IST" name="Test" finished-at="2023-04-12T17:02:39 IST" duration-ms="2627">
      <class name="scripts.ExampleScript">
        <test-method signature="script()[pri:0, instance:scripts.ExampleScript@56cdfb3b]" started-at="2023-04-12T17:02:37 IST" name="script" finished-at="2023-04-12T17:02:39 IST" duration-ms="2548" status="PASS">
          <reporter-output>
          </reporter-output>
        </test-method> <!-- script -->
      </class> <!-- scripts.ExampleScript -->
    </test> <!-- Test -->
  </suite> <!-- Suite -->
</testng-results>
